[debug] [2024-06-03T18:30:25.099Z] ----------------------------------------------------------------------
[debug] [2024-06-03T18:30:25.103Z] Command:       C:\Program Files\nodejs\node.exe C:\Users\onlin\AppData\Roaming\npm\node_modules\firebase-tools\lib\bin\firebase.js init
[debug] [2024-06-03T18:30:25.104Z] CLI Version:   13.10.2
[debug] [2024-06-03T18:30:25.104Z] Platform:      win32
[debug] [2024-06-03T18:30:25.105Z] Node Version:  v20.13.1
[debug] [2024-06-03T18:30:25.105Z] Time:          Tue Jun 04 2024 00:30:25 GMT+0600 (Bangladesh Standard Time)
[debug] [2024-06-03T18:30:25.105Z] ----------------------------------------------------------------------
[debug] 
[debug] [2024-06-03T18:30:25.117Z] > command requires scopes: ["email","openid","https://www.googleapis.com/auth/cloudplatformprojects.readonly","https://www.googleapis.com/auth/firebase","https://www.googleapis.com/auth/cloud-platform"]
[debug] [2024-06-03T18:30:25.117Z] > authorizing via signed-in user (online.okk@gmail.com)
[info] 
     ######## #### ########  ######## ########     ###     ######  ########
     ##        ##  ##     ## ##       ##     ##  ##   ##  ##       ##
     ######    ##  ########  ######   ########  #########  ######  ######
     ##        ##  ##    ##  ##       ##     ## ##     ##       ## ##
     ##       #### ##     ## ######## ########  ##     ##  ######  ########

You're about to initialize a Firebase project in this directory:

  C:\Users\onlin\projects\institute-bd

[info] 
=== Project Setup
[info] 
[info] First, let's associate this project directory with a Firebase project.
[info] You can create multiple project aliases by running firebase use --add, 
[info] but for now we'll just set up a default project.
[info] 
[debug] [2024-06-03T18:30:45.539Z] >>> [apiv2][query] GET https://firebase.googleapis.com/v1beta1/projects pageSize=100
[debug] [2024-06-03T18:30:46.837Z] <<< [apiv2][status] GET https://firebase.googleapis.com/v1beta1/projects 200
[debug] [2024-06-03T18:30:46.838Z] <<< [apiv2][body] GET https://firebase.googleapis.com/v1beta1/projects [omitted]
[info] i  Using project institute-bd (institute) 
[info] 
=== Hosting Setup
[debug] [2024-06-03T18:30:57.868Z] >>> [apiv2][query] GET https://firebase.googleapis.com/v1beta1/projects/institute-bd [none]
[debug] [2024-06-03T18:30:58.808Z] <<< [apiv2][status] GET https://firebase.googleapis.com/v1beta1/projects/institute-bd 200
[debug] [2024-06-03T18:30:58.809Z] <<< [apiv2][body] GET https://firebase.googleapis.com/v1beta1/projects/institute-bd {"projectId":"institute-bd","projectNumber":"670644838113","displayName":"institute","name":"projects/institute-bd","resources":{"hostingSite":"institute-bd"},"state":"ACTIVE","etag":"1_1a8a79aa-3835-45fe-ba49-fd0d5ca85566"}
[info] 
[info] Your public directory is the folder (relative to your project directory) that
[info] will contain Hosting assets to be uploaded with firebase deploy. If you
[info] have a build process for your assets, use your build's output directory.
[info] 
[debug] [2024-06-03T18:33:52.894Z] >>> [apiv2][query] GET https://www.gstatic.com/firebasejs/releases.json [none]
[debug] [2024-06-03T18:33:53.117Z] <<< [apiv2][status] GET https://www.gstatic.com/firebasejs/releases.json 200
[debug] [2024-06-03T18:33:53.118Z] <<< [apiv2][body] GET https://www.gstatic.com/firebasejs/releases.json {"current":{"version":"10.12.2","browserURL":"https://www.gstatic.com/firebasejs/10.12.2/firebase.js","packageURL":"https://www.gstatic.com/firebasejs/10.12.2/firebase.tgz"},"live":{"version":"10.12","browserURL":"https://www.gstatic.com/firebasejs/live/10.12/firebase.js","packageURL":"https://www.gstatic.com/firebasejs/live/10.12/firebase.tgz"},"components":{"analytics":"https://www.gstatic.com/firebasejs/10.12.2/firebase-analytics.js","app":"https://www.gstatic.com/firebasejs/10.12.2/firebase-app.js","app-check":"https://www.gstatic.com/firebasejs/10.12.2/firebase-app-check.js","auth":"https://www.gstatic.com/firebasejs/10.12.2/firebase-auth.js","auth/cordova":"https://www.gstatic.com/firebasejs/10.12.2/firebase-auth/cordova.js","auth/web-extension":"https://www.gstatic.com/firebasejs/10.12.2/firebase-auth/web-extension.js","functions":"https://www.gstatic.com/firebasejs/10.12.2/firebase-functions.js","firestore":"https://www.gstatic.com/firebasejs/10.12.2/firebase-firestore.js","firestore/lite":"https://www.gstatic.com/firebasejs/10.12.2/firebase-firestore/lite.js","installations":"https://www.gstatic.com/firebasejs/10.12.2/firebase-installations.js","storage":"https://www.gstatic.com/firebasejs/10.12.2/firebase-storage.js","performance":"https://www.gstatic.com/firebasejs/10.12.2/firebase-performance.js","remote-config":"https://www.gstatic.com/firebasejs/10.12.2/firebase-remote-config.js","messaging":"https://www.gstatic.com/firebasejs/10.12.2/firebase-messaging.js","messaging/sw":"https://www.gstatic.com/firebasejs/10.12.2/firebase-messaging/sw.js","database":"https://www.gstatic.com/firebasejs/10.12.2/firebase-database.js","vertexai-preview":"https://www.gstatic.com/firebasejs/10.12.2/firebase-vertexai-preview.js","firestore.memory":"https://www.gstatic.com/firebasejs/10.12.2/firebase-firestore.memory.js"}}
[info] +  Wrote public/index.html 
[info] 
[info] i  Detected a .git folder at C:\Users\onlin\projects\institute-bd 
[info] i  Authorizing with GitHub to upload your service account to a GitHub repository's secrets store. 
[info] 
[info] Visit this URL on this device to log in:
[info] https://github.com/login/oauth/authorize?client_id=89cf50f02ac6aaed3484&state=86504247&redirect_uri=http%3A%2F%2Flocalhost%3A9005&scope=read%3Auser%20repo%20public_repo
[info] 
[info] Waiting for authentication...
[debug] [2024-06-03T18:33:54.389Z] >>> [apiv2][query] POST https://github.com/login/oauth/access_token [none]
[debug] [2024-06-03T18:33:54.390Z] >>> [apiv2][body] POST https://github.com/login/oauth/access_token [stream]
[debug] [2024-06-03T18:33:55.064Z] <<< [apiv2][status] POST https://github.com/login/oauth/access_token 200
[debug] [2024-06-03T18:33:55.065Z] <<< [apiv2][body] POST https://github.com/login/oauth/access_token {"access_token":"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","token_type":"bearer","scope":"read:user,repo"}
[debug] [2024-06-03T18:33:55.087Z] >>> [apiv2][query] GET https://api.github.com/user [none]
[debug] [2024-06-03T18:33:55.752Z] <<< [apiv2][status] GET https://api.github.com/user 200
[debug] [2024-06-03T18:33:55.753Z] <<< [apiv2][body] GET https://api.github.com/user {"login":"yousufislamme","id":71249987,"node_id":"MDQ6VXNlcjcxMjQ5OTg3","avatar_url":"https://avatars.githubusercontent.com/u/71249987?v=4","gravatar_id":"","url":"https://api.github.com/users/yousufislamme","html_url":"https://github.com/yousufislamme","followers_url":"https://api.github.com/users/yousufislamme/followers","following_url":"https://api.github.com/users/yousufislamme/following{/other_user}","gists_url":"https://api.github.com/users/yousufislamme/gists{/gist_id}","starred_url":"https://api.github.com/users/yousufislamme/starred{/owner}{/repo}","subscriptions_url":"https://api.github.com/users/yousufislamme/subscriptions","organizations_url":"https://api.github.com/users/yousufislamme/orgs","repos_url":"https://api.github.com/users/yousufislamme/repos","events_url":"https://api.github.com/users/yousufislamme/events{/privacy}","received_events_url":"https://api.github.com/users/yousufislamme/received_events","type":"User","site_admin":false,"name":"Md Yousuf","company":"@Y-Network","blog":"https://the-moon.vercel.app/","location":"Bangladesh,Dhaka","email":null,"hireable":null,"bio":"I Love ðŸ’œ JavaScriptðŸ§  | Next JS | PHPðŸ˜ | ðŸªµTailwind | LaravelðŸ•¸ | HTMLðŸ¦´ | CSS ðŸŽ¨ | WordPress","twitter_username":"Md_Yousuf_Islam","public_repos":84,"public_gists":0,"followers":9,"following":49,"created_at":"2020-09-14T06:26:42Z","updated_at":"2024-06-03T17:45:08Z","private_gists":0,"total_private_repos":16,"owned_private_repos":16,"disk_usage":102800,"collaborators":0,"two_factor_authentication":true,"plan":{"name":"free","space":976562499,"collaborators":0,"private_repos":10000}}
[info] 
[info] +  Success! Logged into GitHub as yousufislamme 
[info] 
[debug] [2024-06-03T18:34:08.475Z] >>> [apiv2][query] GET https://api.github.com/repos//actions/secrets/public-key type=owner
[debug] [2024-06-03T18:34:09.020Z] <<< [apiv2][status] GET https://api.github.com/repos//actions/secrets/public-key 404
[debug] [2024-06-03T18:34:09.021Z] <<< [apiv2][body] GET https://api.github.com/repos//actions/secrets/public-key {"message":"Not Found","documentation_url":"https://docs.github.com/rest"}
[info] 
[info] 
[error] !  The provided authorization cannot be used with this repository. If this repository is in an organization, did you remember to grant access? 
[info] 
[info] i  Action required: Visit this URL to ensure access has been granted to the appropriate organization(s) for the Firebase CLI GitHub OAuth App: 
[info] https://github.com/settings/connections/applications/89cf50f02ac6aaed3484
[info] 
